<?xml version="1.0" encoding="UTF-8"?>
<!-- Generated by org.testng.reporters.JUnitReportReporter -->
<testsuite hostname="DESKTOP-3BKRARD" failures="0" tests="2" name="Test.newTest" time="26.131" errors="0" timestamp="2025-03-18T18:29:18 IST" skipped="0">
  <testcase classname="Test.newTest" name="loginTest2" time="13.899"/>
  <system-out/>
  <testcase classname="Test.newTest" name="loginTest1" time="12.232"/>
  <system-out/>
</testsuite> <!-- Test.newTest -->
