<?xml version="1.0" encoding="UTF-8"?>
<!-- Generated by org.testng.reporters.JUnitReportReporter -->
<testsuite hostname="DESKTOP-3BKRARD" failures="0" tests="4" name="Test.newTest2" time="43.241" errors="0" timestamp="2025-04-14T17:43:42 IST" skipped="0">
  <testcase classname="Test.newTest2" name="loginTest5" time="11.974"/>
  <system-out/>
  <testcase classname="Test.newTest2" name="loginTest4" time="10.217"/>
  <system-out/>
  <testcase classname="Test.newTest2" name="loginTest6" time="10.117"/>
  <system-out/>
  <testcase classname="Test.newTest2" name="loginTest3" time="10.933"/>
  <system-out/>
</testsuite> <!-- Test.newTest2 -->
