<?xml version="1.0" encoding="UTF-8"?>
<!-- Generated by org.testng.reporters.JUnitReportReporter -->
<testsuite hostname="DESKTOP-3BKRARD" failures="0" tests="2" name="Test.newTest" time="27.311" errors="0" timestamp="2025-04-09T15:18:03 IST" skipped="0">
  <testcase classname="Test.newTest" name="loginTest1" time="13.949"/>
  <system-out/>
  <testcase classname="Test.newTest" name="loginTest2" time="13.362"/>
  <system-out/>
</testsuite> <!-- Test.newTest -->
