<?xml version="1.0" encoding="UTF-8"?>
<!-- Generated by org.testng.reporters.JUnitReportReporter -->
<testsuite hostname="DESKTOP-3BKRARD" failures="0" tests="1" name="Test.newTest" time="17.455" errors="0" timestamp="2025-04-15T22:23:25 IST" skipped="0">
  <testcase classname="Test.newTest" name="loginTest1" time="17.455"/>
  <system-out/>
</testsuite> <!-- Test.newTest -->
