<?xml version="1.0" encoding="UTF-8"?>
<!-- Generated by org.testng.reporters.JUnitReportReporter -->
<testsuite hostname="DESKTOP-3BKRARD" failures="0" tests="1" name="Test.newTest" time="13.581" errors="0" timestamp="2025-04-22T16:30:18 IST" skipped="0">
  <testcase classname="Test.newTest" name="loginTest1" time="13.581"/>
  <system-out/>
</testsuite> <!-- Test.newTest -->
