<?xml version="1.0" encoding="UTF-8"?>
<!-- Generated by org.testng.reporters.JUnitReportReporter -->
<testsuite hostname="DESKTOP-3BKRARD" failures="0" tests="2" name="Test.newTest2" time="26.162" errors="0" timestamp="2025-03-18T18:29:18 IST" skipped="0">
  <testcase classname="Test.newTest2" name="loginTest4" time="11.244"/>
  <system-out/>
  <testcase classname="Test.newTest2" name="loginTest3" time="14.918"/>
  <system-out/>
</testsuite> <!-- Test.newTest2 -->
