<?xml version="1.0" encoding="UTF-8"?>
<!-- Generated by org.testng.reporters.JUnitReportReporter -->
<testsuite hostname="DESKTOP-3BKRARD" failures="0" tests="4" name="Test.newTest2" time="46.446" errors="0" timestamp="2025-04-09T15:18:03 IST" skipped="0">
  <testcase classname="Test.newTest2" name="loginTest4" time="10.491"/>
  <system-out/>
  <testcase classname="Test.newTest2" name="loginTest5" time="8.805"/>
  <system-out/>
  <testcase classname="Test.newTest2" name="loginTest6" time="12.990"/>
  <system-out/>
  <testcase classname="Test.newTest2" name="loginTest3" time="14.160"/>
  <system-out/>
</testsuite> <!-- Test.newTest2 -->
