<?xml version="1.0" encoding="UTF-8"?>
<!-- Generated by org.testng.reporters.JUnitReportReporter -->
<testsuite hostname="DESKTOP-3BKRARD" failures="0" tests="1" name="Test.DataGettingFrom_Excel" time="0.000" errors="0" timestamp="2025-03-18T18:22:37 IST" skipped="1">
  <testcase classname="Test.DataGettingFrom_Excel" name="login6" time="0.000">
    <skipped/>
  </testcase> <!-- login6 -->
  <system-out/>
</testsuite> <!-- Test.DataGettingFrom_Excel -->
