<?xml version="1.0" encoding="UTF-8"?>
<!-- Generated by org.testng.reporters.JUnitReportReporter -->
<testsuite hostname="DESKTOP-3BKRARD" failures="0" tests="1" name="Test.newTest" time="14.417" errors="0" timestamp="2025-04-11T16:42:52 IST" skipped="0">
  <testcase classname="Test.newTest" name="loginTest1" time="14.417"/>
  <system-out/>
</testsuite> <!-- Test.newTest -->
