<?xml version="1.0" encoding="UTF-8"?>
<!-- Generated by org.testng.reporters.JUnitReportReporter -->
<testsuite hostname="DESKTOP-3BKRARD" failures="0" tests="2" name="Test.newTest" time="28.119" errors="0" timestamp="2025-04-14T17:43:42 IST" skipped="0">
  <testcase classname="Test.newTest" name="loginTest2" time="12.890"/>
  <system-out/>
  <testcase classname="Test.newTest" name="loginTest1" time="15.229"/>
  <system-out/>
</testsuite> <!-- Test.newTest -->
